
SQL*Loader: Release 12.1.0.1.0 - Production on Thu Jan 5 14:31:27 2023

Copyright (c) 1982, 2013, Oracle and/or its affiliates.  All rights reserved.

Control File:   my_control_options.ctl
Character Set UTF8 specified for all input.

Data File:      Book_1.csv
  Bad File:     my_bad_file.bad
  Discard File:  none specified
 
 (Allow all discards)

Number to load: ALL
Number to skip: 1
Errors allowed: 50
Bind array:     64 rows, maximum of 256000 bytes
Continuation:    none specified
Path used:      Conventional

Table TEACHER_LOAD, loaded from every logical record.
Insert option in effect for this table: APPEND
TRAILING NULLCOLS option in effect

   Column Name                  Position   Len  Term Encl Datatype
------------------------------ ---------- ----- ---- ---- ---------------------
TEACHER                             FIRST     *   ;       CHARACTER            
    SQL string for column : "UPPER(:TEACHER)"
TEACHER_NAME                         NEXT     *   ;       CHARACTER            
    SQL string for column : "UPPER(:TEACHER_NAME)"
SALARY                               NEXT     *   ;       CHARACTER            
    SQL string for column : "ROUND(:SALARY, 2)"
BIRHTDAY                             NEXT     *   ;       DATE dd.mm.yyyy      


Table TEACHER_LOAD:
  2 Rows successfully loaded.
  0 Rows not loaded due to data errors.
  0 Rows not loaded because all WHEN clauses were failed.
  0 Rows not loaded because all fields were null.


Space allocated for bind array:                  66048 bytes(64 rows)
Read   buffer bytes: 1048576

Total logical records skipped:          1
Total logical records read:             2
Total logical records rejected:         0
Total logical records discarded:        0

Run began on Thu Jan 05 14:31:27 2023
Run ended on Thu Jan 05 14:31:27 2023

Elapsed time was:     00:00:00.24
CPU time was:         00:00:00.06
